The system is: Darwin - 18.7.0 - x86_64
Compiling the C compiler identification source file "CMakeCCompilerId.c" succeeded.
Compiler: /Library/Developer/CommandLineTools/usr/bin/cc 
Build flags: 
Id flags:  

The output was:
0


Compilation of the C compiler identification source "CMakeCCompilerId.c" produced "a.out"

The C compiler identification is AppleClang, found in "/Users/anetreba/Desktop/uchat/server/src/json-c-build/CMakeFiles/3.17.3/CompilerIdC/a.out"

Determining if the C compiler works passed with the following output:
Change Dir: /Users/anetreba/Desktop/uchat/server/src/json-c-build/CMakeFiles/CMakeTmp

Run Build Command(s):/usr/bin/make cmTC_dce2d/fast && /Library/Developer/CommandLineTools/usr/bin/make  -f CMakeFiles/cmTC_dce2d.dir/build.make CMakeFiles/cmTC_dce2d.dir/build
Building C object CMakeFiles/cmTC_dce2d.dir/testCCompiler.c.o
/Library/Developer/CommandLineTools/usr/bin/cc   -isysroot /Library/Developer/CommandLineTools/SDKs/MacOSX10.14.sdk   -o CMakeFiles/cmTC_dce2d.dir/testCCompiler.c.o   -c /Users/anetreba/Desktop/uchat/server/src/json-c-build/CMakeFiles/CMakeTmp/testCCompiler.c
Linking C executable cmTC_dce2d
/Users/anetreba/.brew/Cellar/cmake/3.17.3/bin/cmake -E cmake_link_script CMakeFiles/cmTC_dce2d.dir/link.txt --verbose=1
/Library/Developer/CommandLineTools/usr/bin/cc   -isysroot /Library/Developer/CommandLineTools/SDKs/MacOSX10.14.sdk -Wl,-search_paths_first -Wl,-headerpad_max_install_names   CMakeFiles/cmTC_dce2d.dir/testCCompiler.c.o  -o cmTC_dce2d 



Detecting C compiler ABI info compiled with the following output:
Change Dir: /Users/anetreba/Desktop/uchat/server/src/json-c-build/CMakeFiles/CMakeTmp

Run Build Command(s):/usr/bin/make cmTC_e7a06/fast && /Library/Developer/CommandLineTools/usr/bin/make  -f CMakeFiles/cmTC_e7a06.dir/build.make CMakeFiles/cmTC_e7a06.dir/build
Building C object CMakeFiles/cmTC_e7a06.dir/CMakeCCompilerABI.c.o
/Library/Developer/CommandLineTools/usr/bin/cc   -isysroot /Library/Developer/CommandLineTools/SDKs/MacOSX10.14.sdk   -v -Wl,-v -o CMakeFiles/cmTC_e7a06.dir/CMakeCCompilerABI.c.o   -c /Users/anetreba/.brew/Cellar/cmake/3.17.3/share/cmake/Modules/CMakeCCompilerABI.c
Apple LLVM version 10.0.1 (clang-1001.0.46.4)
Target: x86_64-apple-darwin18.7.0
Thread model: posix
InstalledDir: /Library/Developer/CommandLineTools/usr/bin
clang: warning: -Wl,-v: 'linker' input unused [-Wunused-command-line-argument]
 "/Library/Developer/CommandLineTools/usr/bin/clang" -cc1 -triple x86_64-apple-macosx10.14.0 -Wdeprecated-objc-isa-usage -Werror=deprecated-objc-isa-usage -emit-obj -mrelax-all -disable-free -disable-llvm-verifier -discard-value-names -main-file-name CMakeCCompilerABI.c -mrelocation-model pic -pic-level 2 -mthread-model posix -mdisable-fp-elim -fno-strict-return -masm-verbose -munwind-tables -target-sdk-version=10.14 -target-cpu penryn -dwarf-column-info -debugger-tuning=lldb -target-linker-version 450.3 -v -coverage-notes-file /Users/anetreba/Desktop/uchat/server/src/json-c-build/CMakeFiles/CMakeTmp/CMakeFiles/cmTC_e7a06.dir/CMakeCCompilerABI.c.gcno -resource-dir /Library/Developer/CommandLineTools/usr/lib/clang/10.0.1 -isysroot /Library/Developer/CommandLineTools/SDKs/MacOSX10.14.sdk -Wno-atomic-implicit-seq-cst -Wno-framework-include-private-from-public -Wno-atimport-in-framework-header -Wno-quoted-include-in-framework-header -fdebug-compilation-dir /Users/anetreba/Desktop/uchat/server/src/json-c-build/CMakeFiles/CMakeTmp -ferror-limit 19 -fmessage-length 0 -stack-protector 1 -fblocks -fencode-extended-block-signature -fregister-global-dtors-with-atexit -fobjc-runtime=macosx-10.14.0 -fmax-type-align=16 -fdiagnostics-show-option -o CMakeFiles/cmTC_e7a06.dir/CMakeCCompilerABI.c.o -x c /Users/anetreba/.brew/Cellar/cmake/3.17.3/share/cmake/Modules/CMakeCCompilerABI.c
clang -cc1 version 10.0.1 (clang-1001.0.46.4) default target x86_64-apple-darwin18.7.0
ignoring nonexistent directory "/Library/Developer/CommandLineTools/SDKs/MacOSX10.14.sdk/usr/local/include"
ignoring nonexistent directory "/Library/Developer/CommandLineTools/SDKs/MacOSX10.14.sdk/Library/Frameworks"
#include "..." search starts here:
#include <...> search starts here:
 /Library/Developer/CommandLineTools/usr/lib/clang/10.0.1/include
 /Library/Developer/CommandLineTools/usr/include
 /Library/Developer/CommandLineTools/SDKs/MacOSX10.14.sdk/usr/include
 /Library/Developer/CommandLineTools/SDKs/MacOSX10.14.sdk/System/Library/Frameworks (framework directory)
End of search list.
Linking C executable cmTC_e7a06
/Users/anetreba/.brew/Cellar/cmake/3.17.3/bin/cmake -E cmake_link_script CMakeFiles/cmTC_e7a06.dir/link.txt --verbose=1
/Library/Developer/CommandLineTools/usr/bin/cc   -isysroot /Library/Developer/CommandLineTools/SDKs/MacOSX10.14.sdk -Wl,-search_paths_first -Wl,-headerpad_max_install_names  -v -Wl,-v CMakeFiles/cmTC_e7a06.dir/CMakeCCompilerABI.c.o  -o cmTC_e7a06 
Apple LLVM version 10.0.1 (clang-1001.0.46.4)
Target: x86_64-apple-darwin18.7.0
Thread model: posix
InstalledDir: /Library/Developer/CommandLineTools/usr/bin
 "/Library/Developer/CommandLineTools/usr/bin/ld" -demangle -lto_library /Library/Developer/CommandLineTools/usr/lib/libLTO.dylib -dynamic -arch x86_64 -macosx_version_min 10.14.0 -syslibroot /Library/Developer/CommandLineTools/SDKs/MacOSX10.14.sdk -o cmTC_e7a06 -search_paths_first -headerpad_max_install_names -v CMakeFiles/cmTC_e7a06.dir/CMakeCCompilerABI.c.o -lSystem /Library/Developer/CommandLineTools/usr/lib/clang/10.0.1/lib/darwin/libclang_rt.osx.a
@(#)PROGRAM:ld  PROJECT:ld64-450.3
BUILD 18:16:53 Apr  5 2019
configured to support archs: armv6 armv7 armv7s arm64 arm64e arm64_32 i386 x86_64 x86_64h armv6m armv7k armv7m armv7em
Library search paths:
	/Library/Developer/CommandLineTools/SDKs/MacOSX10.14.sdk/usr/lib
Framework search paths:
	/Library/Developer/CommandLineTools/SDKs/MacOSX10.14.sdk/System/Library/Frameworks/



Parsed C implicit include dir info from above output: rv=done
  found start of include info
  found start of implicit include info
    add: [/Library/Developer/CommandLineTools/usr/lib/clang/10.0.1/include]
    add: [/Library/Developer/CommandLineTools/usr/include]
    add: [/Library/Developer/CommandLineTools/SDKs/MacOSX10.14.sdk/usr/include]
  end of search list found
  collapse include dir [/Library/Developer/CommandLineTools/usr/lib/clang/10.0.1/include] ==> [/Library/Developer/CommandLineTools/usr/lib/clang/10.0.1/include]
  collapse include dir [/Library/Developer/CommandLineTools/usr/include] ==> [/Library/Developer/CommandLineTools/usr/include]
  collapse include dir [/Library/Developer/CommandLineTools/SDKs/MacOSX10.14.sdk/usr/include] ==> [/Library/Developer/CommandLineTools/SDKs/MacOSX10.14.sdk/usr/include]
  implicit include dirs: [/Library/Developer/CommandLineTools/usr/lib/clang/10.0.1/include;/Library/Developer/CommandLineTools/usr/include;/Library/Developer/CommandLineTools/SDKs/MacOSX10.14.sdk/usr/include]


Parsed C implicit link information from above output:
  link line regex: [^( *|.*[/\])(ld|CMAKE_LINK_STARTFILE-NOTFOUND|([^/\]+-)?ld|collect2)[^/\]*( |$)]
  ignore line: [Change Dir: /Users/anetreba/Desktop/uchat/server/src/json-c-build/CMakeFiles/CMakeTmp]
  ignore line: []
  ignore line: [Run Build Command(s):/usr/bin/make cmTC_e7a06/fast && /Library/Developer/CommandLineTools/usr/bin/make  -f CMakeFiles/cmTC_e7a06.dir/build.make CMakeFiles/cmTC_e7a06.dir/build]
  ignore line: [Building C object CMakeFiles/cmTC_e7a06.dir/CMakeCCompilerABI.c.o]
  ignore line: [/Library/Developer/CommandLineTools/usr/bin/cc   -isysroot /Library/Developer/CommandLineTools/SDKs/MacOSX10.14.sdk   -v -Wl -v -o CMakeFiles/cmTC_e7a06.dir/CMakeCCompilerABI.c.o   -c /Users/anetreba/.brew/Cellar/cmake/3.17.3/share/cmake/Modules/CMakeCCompilerABI.c]
  ignore line: [Apple LLVM version 10.0.1 (clang-1001.0.46.4)]
  ignore line: [Target: x86_64-apple-darwin18.7.0]
  ignore line: [Thread model: posix]
  ignore line: [InstalledDir: /Library/Developer/CommandLineTools/usr/bin]
  ignore line: [clang: warning: -Wl -v: 'linker' input unused [-Wunused-command-line-argument]]
  ignore line: [ "/Library/Developer/CommandLineTools/usr/bin/clang" -cc1 -triple x86_64-apple-macosx10.14.0 -Wdeprecated-objc-isa-usage -Werror=deprecated-objc-isa-usage -emit-obj -mrelax-all -disable-free -disable-llvm-verifier -discard-value-names -main-file-name CMakeCCompilerABI.c -mrelocation-model pic -pic-level 2 -mthread-model posix -mdisable-fp-elim -fno-strict-return -masm-verbose -munwind-tables -target-sdk-version=10.14 -target-cpu penryn -dwarf-column-info -debugger-tuning=lldb -target-linker-version 450.3 -v -coverage-notes-file /Users/anetreba/Desktop/uchat/server/src/json-c-build/CMakeFiles/CMakeTmp/CMakeFiles/cmTC_e7a06.dir/CMakeCCompilerABI.c.gcno -resource-dir /Library/Developer/CommandLineTools/usr/lib/clang/10.0.1 -isysroot /Library/Developer/CommandLineTools/SDKs/MacOSX10.14.sdk -Wno-atomic-implicit-seq-cst -Wno-framework-include-private-from-public -Wno-atimport-in-framework-header -Wno-quoted-include-in-framework-header -fdebug-compilation-dir /Users/anetreba/Desktop/uchat/server/src/json-c-build/CMakeFiles/CMakeTmp -ferror-limit 19 -fmessage-length 0 -stack-protector 1 -fblocks -fencode-extended-block-signature -fregister-global-dtors-with-atexit -fobjc-runtime=macosx-10.14.0 -fmax-type-align=16 -fdiagnostics-show-option -o CMakeFiles/cmTC_e7a06.dir/CMakeCCompilerABI.c.o -x c /Users/anetreba/.brew/Cellar/cmake/3.17.3/share/cmake/Modules/CMakeCCompilerABI.c]
  ignore line: [clang -cc1 version 10.0.1 (clang-1001.0.46.4) default target x86_64-apple-darwin18.7.0]
  ignore line: [ignoring nonexistent directory "/Library/Developer/CommandLineTools/SDKs/MacOSX10.14.sdk/usr/local/include"]
  ignore line: [ignoring nonexistent directory "/Library/Developer/CommandLineTools/SDKs/MacOSX10.14.sdk/Library/Frameworks"]
  ignore line: [#include "..." search starts here:]
  ignore line: [#include <...> search starts here:]
  ignore line: [ /Library/Developer/CommandLineTools/usr/lib/clang/10.0.1/include]
  ignore line: [ /Library/Developer/CommandLineTools/usr/include]
  ignore line: [ /Library/Developer/CommandLineTools/SDKs/MacOSX10.14.sdk/usr/include]
  ignore line: [ /Library/Developer/CommandLineTools/SDKs/MacOSX10.14.sdk/System/Library/Frameworks (framework directory)]
  ignore line: [End of search list.]
  ignore line: [Linking C executable cmTC_e7a06]
  ignore line: [/Users/anetreba/.brew/Cellar/cmake/3.17.3/bin/cmake -E cmake_link_script CMakeFiles/cmTC_e7a06.dir/link.txt --verbose=1]
  ignore line: [/Library/Developer/CommandLineTools/usr/bin/cc   -isysroot /Library/Developer/CommandLineTools/SDKs/MacOSX10.14.sdk -Wl -search_paths_first -Wl -headerpad_max_install_names  -v -Wl -v CMakeFiles/cmTC_e7a06.dir/CMakeCCompilerABI.c.o  -o cmTC_e7a06 ]
  ignore line: [Apple LLVM version 10.0.1 (clang-1001.0.46.4)]
  ignore line: [Target: x86_64-apple-darwin18.7.0]
  ignore line: [Thread model: posix]
  ignore line: [InstalledDir: /Library/Developer/CommandLineTools/usr/bin]
  link line: [ "/Library/Developer/CommandLineTools/usr/bin/ld" -demangle -lto_library /Library/Developer/CommandLineTools/usr/lib/libLTO.dylib -dynamic -arch x86_64 -macosx_version_min 10.14.0 -syslibroot /Library/Developer/CommandLineTools/SDKs/MacOSX10.14.sdk -o cmTC_e7a06 -search_paths_first -headerpad_max_install_names -v CMakeFiles/cmTC_e7a06.dir/CMakeCCompilerABI.c.o -lSystem /Library/Developer/CommandLineTools/usr/lib/clang/10.0.1/lib/darwin/libclang_rt.osx.a]
    arg [/Library/Developer/CommandLineTools/usr/bin/ld] ==> ignore
    arg [-demangle] ==> ignore
    arg [-lto_library] ==> ignore, skip following value
    arg [/Library/Developer/CommandLineTools/usr/lib/libLTO.dylib] ==> skip value of -lto_library
    arg [-dynamic] ==> ignore
    arg [-arch] ==> ignore
    arg [x86_64] ==> ignore
    arg [-macosx_version_min] ==> ignore
    arg [10.14.0] ==> ignore
    arg [-syslibroot] ==> ignore
    arg [/Library/Developer/CommandLineTools/SDKs/MacOSX10.14.sdk] ==> ignore
    arg [-o] ==> ignore
    arg [cmTC_e7a06] ==> ignore
    arg [-search_paths_first] ==> ignore
    arg [-headerpad_max_install_names] ==> ignore
    arg [-v] ==> ignore
    arg [CMakeFiles/cmTC_e7a06.dir/CMakeCCompilerABI.c.o] ==> ignore
    arg [-lSystem] ==> lib [System]
    arg [/Library/Developer/CommandLineTools/usr/lib/clang/10.0.1/lib/darwin/libclang_rt.osx.a] ==> lib [/Library/Developer/CommandLineTools/usr/lib/clang/10.0.1/lib/darwin/libclang_rt.osx.a]
  Library search paths: [;/Library/Developer/CommandLineTools/SDKs/MacOSX10.14.sdk/usr/lib]
  Framework search paths: [;/Library/Developer/CommandLineTools/SDKs/MacOSX10.14.sdk/System/Library/Frameworks/]
  remove lib [System]
  remove lib [/Library/Developer/CommandLineTools/usr/lib/clang/10.0.1/lib/darwin/libclang_rt.osx.a]
  collapse library dir [/Library/Developer/CommandLineTools/SDKs/MacOSX10.14.sdk/usr/lib] ==> [/Library/Developer/CommandLineTools/SDKs/MacOSX10.14.sdk/usr/lib]
  collapse framework dir [/Library/Developer/CommandLineTools/SDKs/MacOSX10.14.sdk/System/Library/Frameworks/] ==> [/Library/Developer/CommandLineTools/SDKs/MacOSX10.14.sdk/System/Library/Frameworks]
  implicit libs: []
  implicit dirs: [/Library/Developer/CommandLineTools/SDKs/MacOSX10.14.sdk/usr/lib]
  implicit fwks: [/Library/Developer/CommandLineTools/SDKs/MacOSX10.14.sdk/System/Library/Frameworks]


Determining if the include file sys/resource.h exists passed with the following output:
Change Dir: /Users/anetreba/Desktop/uchat/server/src/json-c-build/CMakeFiles/CMakeTmp

Run Build Command(s):/usr/bin/make cmTC_33a5d/fast && /Library/Developer/CommandLineTools/usr/bin/make  -f CMakeFiles/cmTC_33a5d.dir/build.make CMakeFiles/cmTC_33a5d.dir/build
Building C object CMakeFiles/cmTC_33a5d.dir/CheckIncludeFile.c.o
/Library/Developer/CommandLineTools/usr/bin/cc   -isysroot /Library/Developer/CommandLineTools/SDKs/MacOSX10.14.sdk   -o CMakeFiles/cmTC_33a5d.dir/CheckIncludeFile.c.o   -c /Users/anetreba/Desktop/uchat/server/src/json-c-build/CMakeFiles/CMakeTmp/CheckIncludeFile.c
Linking C executable cmTC_33a5d
/Users/anetreba/.brew/Cellar/cmake/3.17.3/bin/cmake -E cmake_link_script CMakeFiles/cmTC_33a5d.dir/link.txt --verbose=1
/Library/Developer/CommandLineTools/usr/bin/cc   -isysroot /Library/Developer/CommandLineTools/SDKs/MacOSX10.14.sdk -Wl,-search_paths_first -Wl,-headerpad_max_install_names   CMakeFiles/cmTC_33a5d.dir/CheckIncludeFile.c.o  -o cmTC_33a5d 



Determining if the getrusage exist passed with the following output:
Change Dir: /Users/anetreba/Desktop/uchat/server/src/json-c-build/CMakeFiles/CMakeTmp

Run Build Command(s):/usr/bin/make cmTC_43868/fast && /Library/Developer/CommandLineTools/usr/bin/make  -f CMakeFiles/cmTC_43868.dir/build.make CMakeFiles/cmTC_43868.dir/build
Building C object CMakeFiles/cmTC_43868.dir/CheckSymbolExists.c.o
/Library/Developer/CommandLineTools/usr/bin/cc   -isysroot /Library/Developer/CommandLineTools/SDKs/MacOSX10.14.sdk   -o CMakeFiles/cmTC_43868.dir/CheckSymbolExists.c.o   -c /Users/anetreba/Desktop/uchat/server/src/json-c-build/CMakeFiles/CMakeTmp/CheckSymbolExists.c
Linking C executable cmTC_43868
/Users/anetreba/.brew/Cellar/cmake/3.17.3/bin/cmake -E cmake_link_script CMakeFiles/cmTC_43868.dir/link.txt --verbose=1
/Library/Developer/CommandLineTools/usr/bin/cc   -isysroot /Library/Developer/CommandLineTools/SDKs/MacOSX10.14.sdk -Wl,-search_paths_first -Wl,-headerpad_max_install_names   CMakeFiles/cmTC_43868.dir/CheckSymbolExists.c.o  -o cmTC_43868 


File /Users/anetreba/Desktop/uchat/server/src/json-c-build/CMakeFiles/CMakeTmp/CheckSymbolExists.c:
/* */
#include <sys/resource.h>

int main(int argc, char** argv)
{
  (void)argv;
#ifndef getrusage
  return ((int*)(&getrusage))[argc];
#else
  (void)argc;
  return 0;
#endif
}
Determining if the include file fcntl.h exists passed with the following output:
Change Dir: /Users/anetreba/Desktop/uchat/server/src/json-c-build/CMakeFiles/CMakeTmp

Run Build Command(s):/usr/bin/make cmTC_6e068/fast && /Library/Developer/CommandLineTools/usr/bin/make  -f CMakeFiles/cmTC_6e068.dir/build.make CMakeFiles/cmTC_6e068.dir/build
Building C object CMakeFiles/cmTC_6e068.dir/CheckIncludeFile.c.o
/Library/Developer/CommandLineTools/usr/bin/cc -D_GNU_SOURCE  -isysroot /Library/Developer/CommandLineTools/SDKs/MacOSX10.14.sdk -fPIE   -o CMakeFiles/cmTC_6e068.dir/CheckIncludeFile.c.o   -c /Users/anetreba/Desktop/uchat/server/src/json-c-build/CMakeFiles/CMakeTmp/CheckIncludeFile.c
Linking C executable cmTC_6e068
/Users/anetreba/.brew/Cellar/cmake/3.17.3/bin/cmake -E cmake_link_script CMakeFiles/cmTC_6e068.dir/link.txt --verbose=1
/Library/Developer/CommandLineTools/usr/bin/cc   -isysroot /Library/Developer/CommandLineTools/SDKs/MacOSX10.14.sdk -Wl,-search_paths_first -Wl,-headerpad_max_install_names   CMakeFiles/cmTC_6e068.dir/CheckIncludeFile.c.o  -o cmTC_6e068  -lm 



Determining if the include file inttypes.h exists passed with the following output:
Change Dir: /Users/anetreba/Desktop/uchat/server/src/json-c-build/CMakeFiles/CMakeTmp

Run Build Command(s):/usr/bin/make cmTC_ad8d8/fast && /Library/Developer/CommandLineTools/usr/bin/make  -f CMakeFiles/cmTC_ad8d8.dir/build.make CMakeFiles/cmTC_ad8d8.dir/build
Building C object CMakeFiles/cmTC_ad8d8.dir/CheckIncludeFile.c.o
/Library/Developer/CommandLineTools/usr/bin/cc -D_GNU_SOURCE  -isysroot /Library/Developer/CommandLineTools/SDKs/MacOSX10.14.sdk -fPIE   -o CMakeFiles/cmTC_ad8d8.dir/CheckIncludeFile.c.o   -c /Users/anetreba/Desktop/uchat/server/src/json-c-build/CMakeFiles/CMakeTmp/CheckIncludeFile.c
Linking C executable cmTC_ad8d8
/Users/anetreba/.brew/Cellar/cmake/3.17.3/bin/cmake -E cmake_link_script CMakeFiles/cmTC_ad8d8.dir/link.txt --verbose=1
/Library/Developer/CommandLineTools/usr/bin/cc   -isysroot /Library/Developer/CommandLineTools/SDKs/MacOSX10.14.sdk -Wl,-search_paths_first -Wl,-headerpad_max_install_names   CMakeFiles/cmTC_ad8d8.dir/CheckIncludeFile.c.o  -o cmTC_ad8d8  -lm 



Determining if the include file stdarg.h exists passed with the following output:
Change Dir: /Users/anetreba/Desktop/uchat/server/src/json-c-build/CMakeFiles/CMakeTmp

Run Build Command(s):/usr/bin/make cmTC_8e7be/fast && /Library/Developer/CommandLineTools/usr/bin/make  -f CMakeFiles/cmTC_8e7be.dir/build.make CMakeFiles/cmTC_8e7be.dir/build
Building C object CMakeFiles/cmTC_8e7be.dir/CheckIncludeFile.c.o
/Library/Developer/CommandLineTools/usr/bin/cc -D_GNU_SOURCE  -isysroot /Library/Developer/CommandLineTools/SDKs/MacOSX10.14.sdk -fPIE   -o CMakeFiles/cmTC_8e7be.dir/CheckIncludeFile.c.o   -c /Users/anetreba/Desktop/uchat/server/src/json-c-build/CMakeFiles/CMakeTmp/CheckIncludeFile.c
Linking C executable cmTC_8e7be
/Users/anetreba/.brew/Cellar/cmake/3.17.3/bin/cmake -E cmake_link_script CMakeFiles/cmTC_8e7be.dir/link.txt --verbose=1
/Library/Developer/CommandLineTools/usr/bin/cc   -isysroot /Library/Developer/CommandLineTools/SDKs/MacOSX10.14.sdk -Wl,-search_paths_first -Wl,-headerpad_max_install_names   CMakeFiles/cmTC_8e7be.dir/CheckIncludeFile.c.o  -o cmTC_8e7be  -lm 



Determining if the include file strings.h exists passed with the following output:
Change Dir: /Users/anetreba/Desktop/uchat/server/src/json-c-build/CMakeFiles/CMakeTmp

Run Build Command(s):/usr/bin/make cmTC_222ee/fast && /Library/Developer/CommandLineTools/usr/bin/make  -f CMakeFiles/cmTC_222ee.dir/build.make CMakeFiles/cmTC_222ee.dir/build
Building C object CMakeFiles/cmTC_222ee.dir/CheckIncludeFile.c.o
/Library/Developer/CommandLineTools/usr/bin/cc -D_GNU_SOURCE  -isysroot /Library/Developer/CommandLineTools/SDKs/MacOSX10.14.sdk -fPIE   -o CMakeFiles/cmTC_222ee.dir/CheckIncludeFile.c.o   -c /Users/anetreba/Desktop/uchat/server/src/json-c-build/CMakeFiles/CMakeTmp/CheckIncludeFile.c
Linking C executable cmTC_222ee
/Users/anetreba/.brew/Cellar/cmake/3.17.3/bin/cmake -E cmake_link_script CMakeFiles/cmTC_222ee.dir/link.txt --verbose=1
/Library/Developer/CommandLineTools/usr/bin/cc   -isysroot /Library/Developer/CommandLineTools/SDKs/MacOSX10.14.sdk -Wl,-search_paths_first -Wl,-headerpad_max_install_names   CMakeFiles/cmTC_222ee.dir/CheckIncludeFile.c.o  -o cmTC_222ee  -lm 



Determining if the include file string.h exists passed with the following output:
Change Dir: /Users/anetreba/Desktop/uchat/server/src/json-c-build/CMakeFiles/CMakeTmp

Run Build Command(s):/usr/bin/make cmTC_60ac2/fast && /Library/Developer/CommandLineTools/usr/bin/make  -f CMakeFiles/cmTC_60ac2.dir/build.make CMakeFiles/cmTC_60ac2.dir/build
Building C object CMakeFiles/cmTC_60ac2.dir/CheckIncludeFile.c.o
/Library/Developer/CommandLineTools/usr/bin/cc -D_GNU_SOURCE  -isysroot /Library/Developer/CommandLineTools/SDKs/MacOSX10.14.sdk -fPIE   -o CMakeFiles/cmTC_60ac2.dir/CheckIncludeFile.c.o   -c /Users/anetreba/Desktop/uchat/server/src/json-c-build/CMakeFiles/CMakeTmp/CheckIncludeFile.c
Linking C executable cmTC_60ac2
/Users/anetreba/.brew/Cellar/cmake/3.17.3/bin/cmake -E cmake_link_script CMakeFiles/cmTC_60ac2.dir/link.txt --verbose=1
/Library/Developer/CommandLineTools/usr/bin/cc   -isysroot /Library/Developer/CommandLineTools/SDKs/MacOSX10.14.sdk -Wl,-search_paths_first -Wl,-headerpad_max_install_names   CMakeFiles/cmTC_60ac2.dir/CheckIncludeFile.c.o  -o cmTC_60ac2  -lm 



Determining if the include file syslog.h exists passed with the following output:
Change Dir: /Users/anetreba/Desktop/uchat/server/src/json-c-build/CMakeFiles/CMakeTmp

Run Build Command(s):/usr/bin/make cmTC_d2d5d/fast && /Library/Developer/CommandLineTools/usr/bin/make  -f CMakeFiles/cmTC_d2d5d.dir/build.make CMakeFiles/cmTC_d2d5d.dir/build
Building C object CMakeFiles/cmTC_d2d5d.dir/CheckIncludeFile.c.o
/Library/Developer/CommandLineTools/usr/bin/cc -D_GNU_SOURCE  -isysroot /Library/Developer/CommandLineTools/SDKs/MacOSX10.14.sdk -fPIE   -o CMakeFiles/cmTC_d2d5d.dir/CheckIncludeFile.c.o   -c /Users/anetreba/Desktop/uchat/server/src/json-c-build/CMakeFiles/CMakeTmp/CheckIncludeFile.c
Linking C executable cmTC_d2d5d
/Users/anetreba/.brew/Cellar/cmake/3.17.3/bin/cmake -E cmake_link_script CMakeFiles/cmTC_d2d5d.dir/link.txt --verbose=1
/Library/Developer/CommandLineTools/usr/bin/cc   -isysroot /Library/Developer/CommandLineTools/SDKs/MacOSX10.14.sdk -Wl,-search_paths_first -Wl,-headerpad_max_install_names   CMakeFiles/cmTC_d2d5d.dir/CheckIncludeFile.c.o  -o cmTC_d2d5d  -lm 



Determining if files stdlib.h;stdarg.h;string.h;float.h exist passed with the following output:
Change Dir: /Users/anetreba/Desktop/uchat/server/src/json-c-build/CMakeFiles/CMakeTmp

Run Build Command(s):/usr/bin/make cmTC_20980/fast && /Library/Developer/CommandLineTools/usr/bin/make  -f CMakeFiles/cmTC_20980.dir/build.make CMakeFiles/cmTC_20980.dir/build
Building C object CMakeFiles/cmTC_20980.dir/STDC_HEADERS.c.o
/Library/Developer/CommandLineTools/usr/bin/cc -D_GNU_SOURCE  -isysroot /Library/Developer/CommandLineTools/SDKs/MacOSX10.14.sdk -fPIE   -o CMakeFiles/cmTC_20980.dir/STDC_HEADERS.c.o   -c /Users/anetreba/Desktop/uchat/server/src/json-c-build/CMakeFiles/CheckIncludeFiles/STDC_HEADERS.c
Linking C executable cmTC_20980
/Users/anetreba/.brew/Cellar/cmake/3.17.3/bin/cmake -E cmake_link_script CMakeFiles/cmTC_20980.dir/link.txt --verbose=1
/Library/Developer/CommandLineTools/usr/bin/cc   -isysroot /Library/Developer/CommandLineTools/SDKs/MacOSX10.14.sdk -Wl,-search_paths_first -Wl,-headerpad_max_install_names   CMakeFiles/cmTC_20980.dir/STDC_HEADERS.c.o  -o cmTC_20980  -lm 



Determining if the include file unistd.h exists passed with the following output:
Change Dir: /Users/anetreba/Desktop/uchat/server/src/json-c-build/CMakeFiles/CMakeTmp

Run Build Command(s):/usr/bin/make cmTC_a2122/fast && /Library/Developer/CommandLineTools/usr/bin/make  -f CMakeFiles/cmTC_a2122.dir/build.make CMakeFiles/cmTC_a2122.dir/build
Building C object CMakeFiles/cmTC_a2122.dir/CheckIncludeFile.c.o
/Library/Developer/CommandLineTools/usr/bin/cc -D_GNU_SOURCE  -isysroot /Library/Developer/CommandLineTools/SDKs/MacOSX10.14.sdk -fPIE   -o CMakeFiles/cmTC_a2122.dir/CheckIncludeFile.c.o   -c /Users/anetreba/Desktop/uchat/server/src/json-c-build/CMakeFiles/CMakeTmp/CheckIncludeFile.c
Linking C executable cmTC_a2122
/Users/anetreba/.brew/Cellar/cmake/3.17.3/bin/cmake -E cmake_link_script CMakeFiles/cmTC_a2122.dir/link.txt --verbose=1
/Library/Developer/CommandLineTools/usr/bin/cc   -isysroot /Library/Developer/CommandLineTools/SDKs/MacOSX10.14.sdk -Wl,-search_paths_first -Wl,-headerpad_max_install_names   CMakeFiles/cmTC_a2122.dir/CheckIncludeFile.c.o  -o cmTC_a2122  -lm 



Determining if the include file sys/types.h exists passed with the following output:
Change Dir: /Users/anetreba/Desktop/uchat/server/src/json-c-build/CMakeFiles/CMakeTmp

Run Build Command(s):/usr/bin/make cmTC_35cb8/fast && /Library/Developer/CommandLineTools/usr/bin/make  -f CMakeFiles/cmTC_35cb8.dir/build.make CMakeFiles/cmTC_35cb8.dir/build
Building C object CMakeFiles/cmTC_35cb8.dir/CheckIncludeFile.c.o
/Library/Developer/CommandLineTools/usr/bin/cc -D_GNU_SOURCE  -isysroot /Library/Developer/CommandLineTools/SDKs/MacOSX10.14.sdk -fPIE   -o CMakeFiles/cmTC_35cb8.dir/CheckIncludeFile.c.o   -c /Users/anetreba/Desktop/uchat/server/src/json-c-build/CMakeFiles/CMakeTmp/CheckIncludeFile.c
Linking C executable cmTC_35cb8
/Users/anetreba/.brew/Cellar/cmake/3.17.3/bin/cmake -E cmake_link_script CMakeFiles/cmTC_35cb8.dir/link.txt --verbose=1
/Library/Developer/CommandLineTools/usr/bin/cc   -isysroot /Library/Developer/CommandLineTools/SDKs/MacOSX10.14.sdk -Wl,-search_paths_first -Wl,-headerpad_max_install_names   CMakeFiles/cmTC_35cb8.dir/CheckIncludeFile.c.o  -o cmTC_35cb8  -lm 



Determining if the include file dlfcn.h exists passed with the following output:
Change Dir: /Users/anetreba/Desktop/uchat/server/src/json-c-build/CMakeFiles/CMakeTmp

Run Build Command(s):/usr/bin/make cmTC_6ecae/fast && /Library/Developer/CommandLineTools/usr/bin/make  -f CMakeFiles/cmTC_6ecae.dir/build.make CMakeFiles/cmTC_6ecae.dir/build
Building C object CMakeFiles/cmTC_6ecae.dir/CheckIncludeFile.c.o
/Library/Developer/CommandLineTools/usr/bin/cc -D_GNU_SOURCE  -isysroot /Library/Developer/CommandLineTools/SDKs/MacOSX10.14.sdk -fPIE   -o CMakeFiles/cmTC_6ecae.dir/CheckIncludeFile.c.o   -c /Users/anetreba/Desktop/uchat/server/src/json-c-build/CMakeFiles/CMakeTmp/CheckIncludeFile.c
Linking C executable cmTC_6ecae
/Users/anetreba/.brew/Cellar/cmake/3.17.3/bin/cmake -E cmake_link_script CMakeFiles/cmTC_6ecae.dir/link.txt --verbose=1
/Library/Developer/CommandLineTools/usr/bin/cc   -isysroot /Library/Developer/CommandLineTools/SDKs/MacOSX10.14.sdk -Wl,-search_paths_first -Wl,-headerpad_max_install_names   CMakeFiles/cmTC_6ecae.dir/CheckIncludeFile.c.o  -o cmTC_6ecae  -lm 



Determining if the include file limits.h exists passed with the following output:
Change Dir: /Users/anetreba/Desktop/uchat/server/src/json-c-build/CMakeFiles/CMakeTmp

Run Build Command(s):/usr/bin/make cmTC_806f2/fast && /Library/Developer/CommandLineTools/usr/bin/make  -f CMakeFiles/cmTC_806f2.dir/build.make CMakeFiles/cmTC_806f2.dir/build
Building C object CMakeFiles/cmTC_806f2.dir/CheckIncludeFile.c.o
/Library/Developer/CommandLineTools/usr/bin/cc -D_GNU_SOURCE  -isysroot /Library/Developer/CommandLineTools/SDKs/MacOSX10.14.sdk -fPIE   -o CMakeFiles/cmTC_806f2.dir/CheckIncludeFile.c.o   -c /Users/anetreba/Desktop/uchat/server/src/json-c-build/CMakeFiles/CMakeTmp/CheckIncludeFile.c
Linking C executable cmTC_806f2
/Users/anetreba/.brew/Cellar/cmake/3.17.3/bin/cmake -E cmake_link_script CMakeFiles/cmTC_806f2.dir/link.txt --verbose=1
/Library/Developer/CommandLineTools/usr/bin/cc   -isysroot /Library/Developer/CommandLineTools/SDKs/MacOSX10.14.sdk -Wl,-search_paths_first -Wl,-headerpad_max_install_names   CMakeFiles/cmTC_806f2.dir/CheckIncludeFile.c.o  -o cmTC_806f2  -lm 



Determining if the include file locale.h exists passed with the following output:
Change Dir: /Users/anetreba/Desktop/uchat/server/src/json-c-build/CMakeFiles/CMakeTmp

Run Build Command(s):/usr/bin/make cmTC_304a1/fast && /Library/Developer/CommandLineTools/usr/bin/make  -f CMakeFiles/cmTC_304a1.dir/build.make CMakeFiles/cmTC_304a1.dir/build
Building C object CMakeFiles/cmTC_304a1.dir/CheckIncludeFile.c.o
/Library/Developer/CommandLineTools/usr/bin/cc -D_GNU_SOURCE  -isysroot /Library/Developer/CommandLineTools/SDKs/MacOSX10.14.sdk -fPIE   -o CMakeFiles/cmTC_304a1.dir/CheckIncludeFile.c.o   -c /Users/anetreba/Desktop/uchat/server/src/json-c-build/CMakeFiles/CMakeTmp/CheckIncludeFile.c
Linking C executable cmTC_304a1
/Users/anetreba/.brew/Cellar/cmake/3.17.3/bin/cmake -E cmake_link_script CMakeFiles/cmTC_304a1.dir/link.txt --verbose=1
/Library/Developer/CommandLineTools/usr/bin/cc   -isysroot /Library/Developer/CommandLineTools/SDKs/MacOSX10.14.sdk -Wl,-search_paths_first -Wl,-headerpad_max_install_names   CMakeFiles/cmTC_304a1.dir/CheckIncludeFile.c.o  -o cmTC_304a1  -lm 



Determining if the include file memory.h exists passed with the following output:
Change Dir: /Users/anetreba/Desktop/uchat/server/src/json-c-build/CMakeFiles/CMakeTmp

Run Build Command(s):/usr/bin/make cmTC_bdec1/fast && /Library/Developer/CommandLineTools/usr/bin/make  -f CMakeFiles/cmTC_bdec1.dir/build.make CMakeFiles/cmTC_bdec1.dir/build
Building C object CMakeFiles/cmTC_bdec1.dir/CheckIncludeFile.c.o
/Library/Developer/CommandLineTools/usr/bin/cc -D_GNU_SOURCE  -isysroot /Library/Developer/CommandLineTools/SDKs/MacOSX10.14.sdk -fPIE   -o CMakeFiles/cmTC_bdec1.dir/CheckIncludeFile.c.o   -c /Users/anetreba/Desktop/uchat/server/src/json-c-build/CMakeFiles/CMakeTmp/CheckIncludeFile.c
Linking C executable cmTC_bdec1
/Users/anetreba/.brew/Cellar/cmake/3.17.3/bin/cmake -E cmake_link_script CMakeFiles/cmTC_bdec1.dir/link.txt --verbose=1
/Library/Developer/CommandLineTools/usr/bin/cc   -isysroot /Library/Developer/CommandLineTools/SDKs/MacOSX10.14.sdk -Wl,-search_paths_first -Wl,-headerpad_max_install_names   CMakeFiles/cmTC_bdec1.dir/CheckIncludeFile.c.o  -o cmTC_bdec1  -lm 



Determining if the include file stdint.h exists passed with the following output:
Change Dir: /Users/anetreba/Desktop/uchat/server/src/json-c-build/CMakeFiles/CMakeTmp

Run Build Command(s):/usr/bin/make cmTC_df8eb/fast && /Library/Developer/CommandLineTools/usr/bin/make  -f CMakeFiles/cmTC_df8eb.dir/build.make CMakeFiles/cmTC_df8eb.dir/build
Building C object CMakeFiles/cmTC_df8eb.dir/CheckIncludeFile.c.o
/Library/Developer/CommandLineTools/usr/bin/cc -D_GNU_SOURCE  -isysroot /Library/Developer/CommandLineTools/SDKs/MacOSX10.14.sdk -fPIE   -o CMakeFiles/cmTC_df8eb.dir/CheckIncludeFile.c.o   -c /Users/anetreba/Desktop/uchat/server/src/json-c-build/CMakeFiles/CMakeTmp/CheckIncludeFile.c
Linking C executable cmTC_df8eb
/Users/anetreba/.brew/Cellar/cmake/3.17.3/bin/cmake -E cmake_link_script CMakeFiles/cmTC_df8eb.dir/link.txt --verbose=1
/Library/Developer/CommandLineTools/usr/bin/cc   -isysroot /Library/Developer/CommandLineTools/SDKs/MacOSX10.14.sdk -Wl,-search_paths_first -Wl,-headerpad_max_install_names   CMakeFiles/cmTC_df8eb.dir/CheckIncludeFile.c.o  -o cmTC_df8eb  -lm 



Determining if the include file stdlib.h exists passed with the following output:
Change Dir: /Users/anetreba/Desktop/uchat/server/src/json-c-build/CMakeFiles/CMakeTmp

Run Build Command(s):/usr/bin/make cmTC_223d6/fast && /Library/Developer/CommandLineTools/usr/bin/make  -f CMakeFiles/cmTC_223d6.dir/build.make CMakeFiles/cmTC_223d6.dir/build
Building C object CMakeFiles/cmTC_223d6.dir/CheckIncludeFile.c.o
/Library/Developer/CommandLineTools/usr/bin/cc -D_GNU_SOURCE  -isysroot /Library/Developer/CommandLineTools/SDKs/MacOSX10.14.sdk -fPIE   -o CMakeFiles/cmTC_223d6.dir/CheckIncludeFile.c.o   -c /Users/anetreba/Desktop/uchat/server/src/json-c-build/CMakeFiles/CMakeTmp/CheckIncludeFile.c
Linking C executable cmTC_223d6
/Users/anetreba/.brew/Cellar/cmake/3.17.3/bin/cmake -E cmake_link_script CMakeFiles/cmTC_223d6.dir/link.txt --verbose=1
/Library/Developer/CommandLineTools/usr/bin/cc   -isysroot /Library/Developer/CommandLineTools/SDKs/MacOSX10.14.sdk -Wl,-search_paths_first -Wl,-headerpad_max_install_names   CMakeFiles/cmTC_223d6.dir/CheckIncludeFile.c.o  -o cmTC_223d6  -lm 



Determining if the include file sys/cdefs.h exists passed with the following output:
Change Dir: /Users/anetreba/Desktop/uchat/server/src/json-c-build/CMakeFiles/CMakeTmp

Run Build Command(s):/usr/bin/make cmTC_b3338/fast && /Library/Developer/CommandLineTools/usr/bin/make  -f CMakeFiles/cmTC_b3338.dir/build.make CMakeFiles/cmTC_b3338.dir/build
Building C object CMakeFiles/cmTC_b3338.dir/CheckIncludeFile.c.o
/Library/Developer/CommandLineTools/usr/bin/cc -D_GNU_SOURCE  -isysroot /Library/Developer/CommandLineTools/SDKs/MacOSX10.14.sdk -fPIE   -o CMakeFiles/cmTC_b3338.dir/CheckIncludeFile.c.o   -c /Users/anetreba/Desktop/uchat/server/src/json-c-build/CMakeFiles/CMakeTmp/CheckIncludeFile.c
Linking C executable cmTC_b3338
/Users/anetreba/.brew/Cellar/cmake/3.17.3/bin/cmake -E cmake_link_script CMakeFiles/cmTC_b3338.dir/link.txt --verbose=1
/Library/Developer/CommandLineTools/usr/bin/cc   -isysroot /Library/Developer/CommandLineTools/SDKs/MacOSX10.14.sdk -Wl,-search_paths_first -Wl,-headerpad_max_install_names   CMakeFiles/cmTC_b3338.dir/CheckIncludeFile.c.o  -o cmTC_b3338  -lm 



Determining if the include file sys/param.h exists passed with the following output:
Change Dir: /Users/anetreba/Desktop/uchat/server/src/json-c-build/CMakeFiles/CMakeTmp

Run Build Command(s):/usr/bin/make cmTC_c3cbf/fast && /Library/Developer/CommandLineTools/usr/bin/make  -f CMakeFiles/cmTC_c3cbf.dir/build.make CMakeFiles/cmTC_c3cbf.dir/build
Building C object CMakeFiles/cmTC_c3cbf.dir/CheckIncludeFile.c.o
/Library/Developer/CommandLineTools/usr/bin/cc -D_GNU_SOURCE  -isysroot /Library/Developer/CommandLineTools/SDKs/MacOSX10.14.sdk -fPIE   -o CMakeFiles/cmTC_c3cbf.dir/CheckIncludeFile.c.o   -c /Users/anetreba/Desktop/uchat/server/src/json-c-build/CMakeFiles/CMakeTmp/CheckIncludeFile.c
Linking C executable cmTC_c3cbf
/Users/anetreba/.brew/Cellar/cmake/3.17.3/bin/cmake -E cmake_link_script CMakeFiles/cmTC_c3cbf.dir/link.txt --verbose=1
/Library/Developer/CommandLineTools/usr/bin/cc   -isysroot /Library/Developer/CommandLineTools/SDKs/MacOSX10.14.sdk -Wl,-search_paths_first -Wl,-headerpad_max_install_names   CMakeFiles/cmTC_c3cbf.dir/CheckIncludeFile.c.o  -o cmTC_c3cbf  -lm 



Determining if the include file sys/stat.h exists passed with the following output:
Change Dir: /Users/anetreba/Desktop/uchat/server/src/json-c-build/CMakeFiles/CMakeTmp

Run Build Command(s):/usr/bin/make cmTC_53ac8/fast && /Library/Developer/CommandLineTools/usr/bin/make  -f CMakeFiles/cmTC_53ac8.dir/build.make CMakeFiles/cmTC_53ac8.dir/build
Building C object CMakeFiles/cmTC_53ac8.dir/CheckIncludeFile.c.o
/Library/Developer/CommandLineTools/usr/bin/cc -D_GNU_SOURCE  -isysroot /Library/Developer/CommandLineTools/SDKs/MacOSX10.14.sdk -fPIE   -o CMakeFiles/cmTC_53ac8.dir/CheckIncludeFile.c.o   -c /Users/anetreba/Desktop/uchat/server/src/json-c-build/CMakeFiles/CMakeTmp/CheckIncludeFile.c
Linking C executable cmTC_53ac8
/Users/anetreba/.brew/Cellar/cmake/3.17.3/bin/cmake -E cmake_link_script CMakeFiles/cmTC_53ac8.dir/link.txt --verbose=1
/Library/Developer/CommandLineTools/usr/bin/cc   -isysroot /Library/Developer/CommandLineTools/SDKs/MacOSX10.14.sdk -Wl,-search_paths_first -Wl,-headerpad_max_install_names   CMakeFiles/cmTC_53ac8.dir/CheckIncludeFile.c.o  -o cmTC_53ac8  -lm 



Determining if the include file xlocale.h exists passed with the following output:
Change Dir: /Users/anetreba/Desktop/uchat/server/src/json-c-build/CMakeFiles/CMakeTmp

Run Build Command(s):/usr/bin/make cmTC_fe640/fast && /Library/Developer/CommandLineTools/usr/bin/make  -f CMakeFiles/cmTC_fe640.dir/build.make CMakeFiles/cmTC_fe640.dir/build
Building C object CMakeFiles/cmTC_fe640.dir/CheckIncludeFile.c.o
/Library/Developer/CommandLineTools/usr/bin/cc -D_GNU_SOURCE  -isysroot /Library/Developer/CommandLineTools/SDKs/MacOSX10.14.sdk -fPIE   -o CMakeFiles/cmTC_fe640.dir/CheckIncludeFile.c.o   -c /Users/anetreba/Desktop/uchat/server/src/json-c-build/CMakeFiles/CMakeTmp/CheckIncludeFile.c
Linking C executable cmTC_fe640
/Users/anetreba/.brew/Cellar/cmake/3.17.3/bin/cmake -E cmake_link_script CMakeFiles/cmTC_fe640.dir/link.txt --verbose=1
/Library/Developer/CommandLineTools/usr/bin/cc   -isysroot /Library/Developer/CommandLineTools/SDKs/MacOSX10.14.sdk -Wl,-search_paths_first -Wl,-headerpad_max_install_names   CMakeFiles/cmTC_fe640.dir/CheckIncludeFile.c.o  -o cmTC_fe640  -lm 



Determining if the INFINITY exist passed with the following output:
Change Dir: /Users/anetreba/Desktop/uchat/server/src/json-c-build/CMakeFiles/CMakeTmp

Run Build Command(s):/usr/bin/make cmTC_ec1bb/fast && /Library/Developer/CommandLineTools/usr/bin/make  -f CMakeFiles/cmTC_ec1bb.dir/build.make CMakeFiles/cmTC_ec1bb.dir/build
Building C object CMakeFiles/cmTC_ec1bb.dir/CheckSymbolExists.c.o
/Library/Developer/CommandLineTools/usr/bin/cc -D_GNU_SOURCE  -isysroot /Library/Developer/CommandLineTools/SDKs/MacOSX10.14.sdk -fPIE   -o CMakeFiles/cmTC_ec1bb.dir/CheckSymbolExists.c.o   -c /Users/anetreba/Desktop/uchat/server/src/json-c-build/CMakeFiles/CMakeTmp/CheckSymbolExists.c
Linking C executable cmTC_ec1bb
/Users/anetreba/.brew/Cellar/cmake/3.17.3/bin/cmake -E cmake_link_script CMakeFiles/cmTC_ec1bb.dir/link.txt --verbose=1
/Library/Developer/CommandLineTools/usr/bin/cc   -isysroot /Library/Developer/CommandLineTools/SDKs/MacOSX10.14.sdk -Wl,-search_paths_first -Wl,-headerpad_max_install_names   CMakeFiles/cmTC_ec1bb.dir/CheckSymbolExists.c.o  -o cmTC_ec1bb  -lm 


File /Users/anetreba/Desktop/uchat/server/src/json-c-build/CMakeFiles/CMakeTmp/CheckSymbolExists.c:
/* */
#include <math.h>

int main(int argc, char** argv)
{
  (void)argv;
#ifndef INFINITY
  return ((int*)(&INFINITY))[argc];
#else
  (void)argc;
  return 0;
#endif
}
Determining if the isinf exist passed with the following output:
Change Dir: /Users/anetreba/Desktop/uchat/server/src/json-c-build/CMakeFiles/CMakeTmp

Run Build Command(s):/usr/bin/make cmTC_fe8c6/fast && /Library/Developer/CommandLineTools/usr/bin/make  -f CMakeFiles/cmTC_fe8c6.dir/build.make CMakeFiles/cmTC_fe8c6.dir/build
Building C object CMakeFiles/cmTC_fe8c6.dir/CheckSymbolExists.c.o
/Library/Developer/CommandLineTools/usr/bin/cc -D_GNU_SOURCE  -isysroot /Library/Developer/CommandLineTools/SDKs/MacOSX10.14.sdk -fPIE   -o CMakeFiles/cmTC_fe8c6.dir/CheckSymbolExists.c.o   -c /Users/anetreba/Desktop/uchat/server/src/json-c-build/CMakeFiles/CMakeTmp/CheckSymbolExists.c
Linking C executable cmTC_fe8c6
/Users/anetreba/.brew/Cellar/cmake/3.17.3/bin/cmake -E cmake_link_script CMakeFiles/cmTC_fe8c6.dir/link.txt --verbose=1
/Library/Developer/CommandLineTools/usr/bin/cc   -isysroot /Library/Developer/CommandLineTools/SDKs/MacOSX10.14.sdk -Wl,-search_paths_first -Wl,-headerpad_max_install_names   CMakeFiles/cmTC_fe8c6.dir/CheckSymbolExists.c.o  -o cmTC_fe8c6  -lm 


File /Users/anetreba/Desktop/uchat/server/src/json-c-build/CMakeFiles/CMakeTmp/CheckSymbolExists.c:
/* */
#include <math.h>

int main(int argc, char** argv)
{
  (void)argv;
#ifndef isinf
  return ((int*)(&isinf))[argc];
#else
  (void)argc;
  return 0;
#endif
}
Determining if the isnan exist passed with the following output:
Change Dir: /Users/anetreba/Desktop/uchat/server/src/json-c-build/CMakeFiles/CMakeTmp

Run Build Command(s):/usr/bin/make cmTC_a08ce/fast && /Library/Developer/CommandLineTools/usr/bin/make  -f CMakeFiles/cmTC_a08ce.dir/build.make CMakeFiles/cmTC_a08ce.dir/build
Building C object CMakeFiles/cmTC_a08ce.dir/CheckSymbolExists.c.o
/Library/Developer/CommandLineTools/usr/bin/cc -D_GNU_SOURCE  -isysroot /Library/Developer/CommandLineTools/SDKs/MacOSX10.14.sdk -fPIE   -o CMakeFiles/cmTC_a08ce.dir/CheckSymbolExists.c.o   -c /Users/anetreba/Desktop/uchat/server/src/json-c-build/CMakeFiles/CMakeTmp/CheckSymbolExists.c
Linking C executable cmTC_a08ce
/Users/anetreba/.brew/Cellar/cmake/3.17.3/bin/cmake -E cmake_link_script CMakeFiles/cmTC_a08ce.dir/link.txt --verbose=1
/Library/Developer/CommandLineTools/usr/bin/cc   -isysroot /Library/Developer/CommandLineTools/SDKs/MacOSX10.14.sdk -Wl,-search_paths_first -Wl,-headerpad_max_install_names   CMakeFiles/cmTC_a08ce.dir/CheckSymbolExists.c.o  -o cmTC_a08ce  -lm 


File /Users/anetreba/Desktop/uchat/server/src/json-c-build/CMakeFiles/CMakeTmp/CheckSymbolExists.c:
/* */
#include <math.h>

int main(int argc, char** argv)
{
  (void)argv;
#ifndef isnan
  return ((int*)(&isnan))[argc];
#else
  (void)argc;
  return 0;
#endif
}
Determining if the nan exist passed with the following output:
Change Dir: /Users/anetreba/Desktop/uchat/server/src/json-c-build/CMakeFiles/CMakeTmp

Run Build Command(s):/usr/bin/make cmTC_37a4a/fast && /Library/Developer/CommandLineTools/usr/bin/make  -f CMakeFiles/cmTC_37a4a.dir/build.make CMakeFiles/cmTC_37a4a.dir/build
Building C object CMakeFiles/cmTC_37a4a.dir/CheckSymbolExists.c.o
/Library/Developer/CommandLineTools/usr/bin/cc -D_GNU_SOURCE  -isysroot /Library/Developer/CommandLineTools/SDKs/MacOSX10.14.sdk -fPIE   -o CMakeFiles/cmTC_37a4a.dir/CheckSymbolExists.c.o   -c /Users/anetreba/Desktop/uchat/server/src/json-c-build/CMakeFiles/CMakeTmp/CheckSymbolExists.c
Linking C executable cmTC_37a4a
/Users/anetreba/.brew/Cellar/cmake/3.17.3/bin/cmake -E cmake_link_script CMakeFiles/cmTC_37a4a.dir/link.txt --verbose=1
/Library/Developer/CommandLineTools/usr/bin/cc   -isysroot /Library/Developer/CommandLineTools/SDKs/MacOSX10.14.sdk -Wl,-search_paths_first -Wl,-headerpad_max_install_names   CMakeFiles/cmTC_37a4a.dir/CheckSymbolExists.c.o  -o cmTC_37a4a  -lm 


File /Users/anetreba/Desktop/uchat/server/src/json-c-build/CMakeFiles/CMakeTmp/CheckSymbolExists.c:
/* */
#include <math.h>

int main(int argc, char** argv)
{
  (void)argv;
#ifndef nan
  return ((int*)(&nan))[argc];
#else
  (void)argc;
  return 0;
#endif
}
Determining if the snprintf exist passed with the following output:
Change Dir: /Users/anetreba/Desktop/uchat/server/src/json-c-build/CMakeFiles/CMakeTmp

Run Build Command(s):/usr/bin/make cmTC_25556/fast && /Library/Developer/CommandLineTools/usr/bin/make  -f CMakeFiles/cmTC_25556.dir/build.make CMakeFiles/cmTC_25556.dir/build
Building C object CMakeFiles/cmTC_25556.dir/CheckSymbolExists.c.o
/Library/Developer/CommandLineTools/usr/bin/cc -D_GNU_SOURCE  -isysroot /Library/Developer/CommandLineTools/SDKs/MacOSX10.14.sdk -fPIE   -o CMakeFiles/cmTC_25556.dir/CheckSymbolExists.c.o   -c /Users/anetreba/Desktop/uchat/server/src/json-c-build/CMakeFiles/CMakeTmp/CheckSymbolExists.c
Linking C executable cmTC_25556
/Users/anetreba/.brew/Cellar/cmake/3.17.3/bin/cmake -E cmake_link_script CMakeFiles/cmTC_25556.dir/link.txt --verbose=1
/Library/Developer/CommandLineTools/usr/bin/cc   -isysroot /Library/Developer/CommandLineTools/SDKs/MacOSX10.14.sdk -Wl,-search_paths_first -Wl,-headerpad_max_install_names   CMakeFiles/cmTC_25556.dir/CheckSymbolExists.c.o  -o cmTC_25556  -lm 


File /Users/anetreba/Desktop/uchat/server/src/json-c-build/CMakeFiles/CMakeTmp/CheckSymbolExists.c:
/* */
#include <stdio.h>

int main(int argc, char** argv)
{
  (void)argv;
#ifndef snprintf
  return ((int*)(&snprintf))[argc];
#else
  (void)argc;
  return 0;
#endif
}
Determining if the vasprintf exist passed with the following output:
Change Dir: /Users/anetreba/Desktop/uchat/server/src/json-c-build/CMakeFiles/CMakeTmp

Run Build Command(s):/usr/bin/make cmTC_0005a/fast && /Library/Developer/CommandLineTools/usr/bin/make  -f CMakeFiles/cmTC_0005a.dir/build.make CMakeFiles/cmTC_0005a.dir/build
Building C object CMakeFiles/cmTC_0005a.dir/CheckSymbolExists.c.o
/Library/Developer/CommandLineTools/usr/bin/cc -D_GNU_SOURCE  -isysroot /Library/Developer/CommandLineTools/SDKs/MacOSX10.14.sdk -fPIE   -o CMakeFiles/cmTC_0005a.dir/CheckSymbolExists.c.o   -c /Users/anetreba/Desktop/uchat/server/src/json-c-build/CMakeFiles/CMakeTmp/CheckSymbolExists.c
Linking C executable cmTC_0005a
/Users/anetreba/.brew/Cellar/cmake/3.17.3/bin/cmake -E cmake_link_script CMakeFiles/cmTC_0005a.dir/link.txt --verbose=1
/Library/Developer/CommandLineTools/usr/bin/cc   -isysroot /Library/Developer/CommandLineTools/SDKs/MacOSX10.14.sdk -Wl,-search_paths_first -Wl,-headerpad_max_install_names   CMakeFiles/cmTC_0005a.dir/CheckSymbolExists.c.o  -o cmTC_0005a  -lm 


File /Users/anetreba/Desktop/uchat/server/src/json-c-build/CMakeFiles/CMakeTmp/CheckSymbolExists.c:
/* */
#include <stdio.h>

int main(int argc, char** argv)
{
  (void)argv;
#ifndef vasprintf
  return ((int*)(&vasprintf))[argc];
#else
  (void)argc;
  return 0;
#endif
}
Determining if the vsnprintf exist passed with the following output:
Change Dir: /Users/anetreba/Desktop/uchat/server/src/json-c-build/CMakeFiles/CMakeTmp

Run Build Command(s):/usr/bin/make cmTC_937cc/fast && /Library/Developer/CommandLineTools/usr/bin/make  -f CMakeFiles/cmTC_937cc.dir/build.make CMakeFiles/cmTC_937cc.dir/build
Building C object CMakeFiles/cmTC_937cc.dir/CheckSymbolExists.c.o
/Library/Developer/CommandLineTools/usr/bin/cc -D_GNU_SOURCE  -isysroot /Library/Developer/CommandLineTools/SDKs/MacOSX10.14.sdk -fPIE   -o CMakeFiles/cmTC_937cc.dir/CheckSymbolExists.c.o   -c /Users/anetreba/Desktop/uchat/server/src/json-c-build/CMakeFiles/CMakeTmp/CheckSymbolExists.c
Linking C executable cmTC_937cc
/Users/anetreba/.brew/Cellar/cmake/3.17.3/bin/cmake -E cmake_link_script CMakeFiles/cmTC_937cc.dir/link.txt --verbose=1
/Library/Developer/CommandLineTools/usr/bin/cc   -isysroot /Library/Developer/CommandLineTools/SDKs/MacOSX10.14.sdk -Wl,-search_paths_first -Wl,-headerpad_max_install_names   CMakeFiles/cmTC_937cc.dir/CheckSymbolExists.c.o  -o cmTC_937cc  -lm 


File /Users/anetreba/Desktop/uchat/server/src/json-c-build/CMakeFiles/CMakeTmp/CheckSymbolExists.c:
/* */
#include <stdio.h>

int main(int argc, char** argv)
{
  (void)argv;
#ifndef vsnprintf
  return ((int*)(&vsnprintf))[argc];
#else
  (void)argc;
  return 0;
#endif
}
Determining if the vprintf exist passed with the following output:
Change Dir: /Users/anetreba/Desktop/uchat/server/src/json-c-build/CMakeFiles/CMakeTmp

Run Build Command(s):/usr/bin/make cmTC_7e58e/fast && /Library/Developer/CommandLineTools/usr/bin/make  -f CMakeFiles/cmTC_7e58e.dir/build.make CMakeFiles/cmTC_7e58e.dir/build
Building C object CMakeFiles/cmTC_7e58e.dir/CheckSymbolExists.c.o
/Library/Developer/CommandLineTools/usr/bin/cc -D_GNU_SOURCE  -isysroot /Library/Developer/CommandLineTools/SDKs/MacOSX10.14.sdk -fPIE   -o CMakeFiles/cmTC_7e58e.dir/CheckSymbolExists.c.o   -c /Users/anetreba/Desktop/uchat/server/src/json-c-build/CMakeFiles/CMakeTmp/CheckSymbolExists.c
Linking C executable cmTC_7e58e
/Users/anetreba/.brew/Cellar/cmake/3.17.3/bin/cmake -E cmake_link_script CMakeFiles/cmTC_7e58e.dir/link.txt --verbose=1
/Library/Developer/CommandLineTools/usr/bin/cc   -isysroot /Library/Developer/CommandLineTools/SDKs/MacOSX10.14.sdk -Wl,-search_paths_first -Wl,-headerpad_max_install_names   CMakeFiles/cmTC_7e58e.dir/CheckSymbolExists.c.o  -o cmTC_7e58e  -lm 


File /Users/anetreba/Desktop/uchat/server/src/json-c-build/CMakeFiles/CMakeTmp/CheckSymbolExists.c:
/* */
#include <stdio.h>

int main(int argc, char** argv)
{
  (void)argv;
#ifndef vprintf
  return ((int*)(&vprintf))[argc];
#else
  (void)argc;
  return 0;
#endif
}
Determining if the open exist passed with the following output:
Change Dir: /Users/anetreba/Desktop/uchat/server/src/json-c-build/CMakeFiles/CMakeTmp

Run Build Command(s):/usr/bin/make cmTC_6818f/fast && /Library/Developer/CommandLineTools/usr/bin/make  -f CMakeFiles/cmTC_6818f.dir/build.make CMakeFiles/cmTC_6818f.dir/build
Building C object CMakeFiles/cmTC_6818f.dir/CheckSymbolExists.c.o
/Library/Developer/CommandLineTools/usr/bin/cc -D_GNU_SOURCE  -isysroot /Library/Developer/CommandLineTools/SDKs/MacOSX10.14.sdk -fPIE   -o CMakeFiles/cmTC_6818f.dir/CheckSymbolExists.c.o   -c /Users/anetreba/Desktop/uchat/server/src/json-c-build/CMakeFiles/CMakeTmp/CheckSymbolExists.c
Linking C executable cmTC_6818f
/Users/anetreba/.brew/Cellar/cmake/3.17.3/bin/cmake -E cmake_link_script CMakeFiles/cmTC_6818f.dir/link.txt --verbose=1
/Library/Developer/CommandLineTools/usr/bin/cc   -isysroot /Library/Developer/CommandLineTools/SDKs/MacOSX10.14.sdk -Wl,-search_paths_first -Wl,-headerpad_max_install_names   CMakeFiles/cmTC_6818f.dir/CheckSymbolExists.c.o  -o cmTC_6818f  -lm 


File /Users/anetreba/Desktop/uchat/server/src/json-c-build/CMakeFiles/CMakeTmp/CheckSymbolExists.c:
/* */
#include <fcntl.h>

int main(int argc, char** argv)
{
  (void)argv;
#ifndef open
  return ((int*)(&open))[argc];
#else
  (void)argc;
  return 0;
#endif
}
Determining if the realloc exist passed with the following output:
Change Dir: /Users/anetreba/Desktop/uchat/server/src/json-c-build/CMakeFiles/CMakeTmp

Run Build Command(s):/usr/bin/make cmTC_65090/fast && /Library/Developer/CommandLineTools/usr/bin/make  -f CMakeFiles/cmTC_65090.dir/build.make CMakeFiles/cmTC_65090.dir/build
Building C object CMakeFiles/cmTC_65090.dir/CheckSymbolExists.c.o
/Library/Developer/CommandLineTools/usr/bin/cc -D_GNU_SOURCE  -isysroot /Library/Developer/CommandLineTools/SDKs/MacOSX10.14.sdk -fPIE   -o CMakeFiles/cmTC_65090.dir/CheckSymbolExists.c.o   -c /Users/anetreba/Desktop/uchat/server/src/json-c-build/CMakeFiles/CMakeTmp/CheckSymbolExists.c
Linking C executable cmTC_65090
/Users/anetreba/.brew/Cellar/cmake/3.17.3/bin/cmake -E cmake_link_script CMakeFiles/cmTC_65090.dir/link.txt --verbose=1
/Library/Developer/CommandLineTools/usr/bin/cc   -isysroot /Library/Developer/CommandLineTools/SDKs/MacOSX10.14.sdk -Wl,-search_paths_first -Wl,-headerpad_max_install_names   CMakeFiles/cmTC_65090.dir/CheckSymbolExists.c.o  -o cmTC_65090  -lm 


File /Users/anetreba/Desktop/uchat/server/src/json-c-build/CMakeFiles/CMakeTmp/CheckSymbolExists.c:
/* */
#include <stdlib.h>

int main(int argc, char** argv)
{
  (void)argv;
#ifndef realloc
  return ((int*)(&realloc))[argc];
#else
  (void)argc;
  return 0;
#endif
}
Determining if the setlocale exist passed with the following output:
Change Dir: /Users/anetreba/Desktop/uchat/server/src/json-c-build/CMakeFiles/CMakeTmp

Run Build Command(s):/usr/bin/make cmTC_f849a/fast && /Library/Developer/CommandLineTools/usr/bin/make  -f CMakeFiles/cmTC_f849a.dir/build.make CMakeFiles/cmTC_f849a.dir/build
Building C object CMakeFiles/cmTC_f849a.dir/CheckSymbolExists.c.o
/Library/Developer/CommandLineTools/usr/bin/cc -D_GNU_SOURCE  -isysroot /Library/Developer/CommandLineTools/SDKs/MacOSX10.14.sdk -fPIE   -o CMakeFiles/cmTC_f849a.dir/CheckSymbolExists.c.o   -c /Users/anetreba/Desktop/uchat/server/src/json-c-build/CMakeFiles/CMakeTmp/CheckSymbolExists.c
Linking C executable cmTC_f849a
/Users/anetreba/.brew/Cellar/cmake/3.17.3/bin/cmake -E cmake_link_script CMakeFiles/cmTC_f849a.dir/link.txt --verbose=1
/Library/Developer/CommandLineTools/usr/bin/cc   -isysroot /Library/Developer/CommandLineTools/SDKs/MacOSX10.14.sdk -Wl,-search_paths_first -Wl,-headerpad_max_install_names   CMakeFiles/cmTC_f849a.dir/CheckSymbolExists.c.o  -o cmTC_f849a  -lm 


File /Users/anetreba/Desktop/uchat/server/src/json-c-build/CMakeFiles/CMakeTmp/CheckSymbolExists.c:
/* */
#include <locale.h>

int main(int argc, char** argv)
{
  (void)argv;
#ifndef setlocale
  return ((int*)(&setlocale))[argc];
#else
  (void)argc;
  return 0;
#endif
}
Determining if the strcasecmp exist passed with the following output:
Change Dir: /Users/anetreba/Desktop/uchat/server/src/json-c-build/CMakeFiles/CMakeTmp

Run Build Command(s):/usr/bin/make cmTC_c376c/fast && /Library/Developer/CommandLineTools/usr/bin/make  -f CMakeFiles/cmTC_c376c.dir/build.make CMakeFiles/cmTC_c376c.dir/build
Building C object CMakeFiles/cmTC_c376c.dir/CheckSymbolExists.c.o
/Library/Developer/CommandLineTools/usr/bin/cc -D_GNU_SOURCE  -isysroot /Library/Developer/CommandLineTools/SDKs/MacOSX10.14.sdk -fPIE   -o CMakeFiles/cmTC_c376c.dir/CheckSymbolExists.c.o   -c /Users/anetreba/Desktop/uchat/server/src/json-c-build/CMakeFiles/CMakeTmp/CheckSymbolExists.c
Linking C executable cmTC_c376c
/Users/anetreba/.brew/Cellar/cmake/3.17.3/bin/cmake -E cmake_link_script CMakeFiles/cmTC_c376c.dir/link.txt --verbose=1
/Library/Developer/CommandLineTools/usr/bin/cc   -isysroot /Library/Developer/CommandLineTools/SDKs/MacOSX10.14.sdk -Wl,-search_paths_first -Wl,-headerpad_max_install_names   CMakeFiles/cmTC_c376c.dir/CheckSymbolExists.c.o  -o cmTC_c376c  -lm 


File /Users/anetreba/Desktop/uchat/server/src/json-c-build/CMakeFiles/CMakeTmp/CheckSymbolExists.c:
/* */
#include <strings.h>

int main(int argc, char** argv)
{
  (void)argv;
#ifndef strcasecmp
  return ((int*)(&strcasecmp))[argc];
#else
  (void)argc;
  return 0;
#endif
}
Determining if the strncasecmp exist passed with the following output:
Change Dir: /Users/anetreba/Desktop/uchat/server/src/json-c-build/CMakeFiles/CMakeTmp

Run Build Command(s):/usr/bin/make cmTC_c83e5/fast && /Library/Developer/CommandLineTools/usr/bin/make  -f CMakeFiles/cmTC_c83e5.dir/build.make CMakeFiles/cmTC_c83e5.dir/build
Building C object CMakeFiles/cmTC_c83e5.dir/CheckSymbolExists.c.o
/Library/Developer/CommandLineTools/usr/bin/cc -D_GNU_SOURCE  -isysroot /Library/Developer/CommandLineTools/SDKs/MacOSX10.14.sdk -fPIE   -o CMakeFiles/cmTC_c83e5.dir/CheckSymbolExists.c.o   -c /Users/anetreba/Desktop/uchat/server/src/json-c-build/CMakeFiles/CMakeTmp/CheckSymbolExists.c
Linking C executable cmTC_c83e5
/Users/anetreba/.brew/Cellar/cmake/3.17.3/bin/cmake -E cmake_link_script CMakeFiles/cmTC_c83e5.dir/link.txt --verbose=1
/Library/Developer/CommandLineTools/usr/bin/cc   -isysroot /Library/Developer/CommandLineTools/SDKs/MacOSX10.14.sdk -Wl,-search_paths_first -Wl,-headerpad_max_install_names   CMakeFiles/cmTC_c83e5.dir/CheckSymbolExists.c.o  -o cmTC_c83e5  -lm 


File /Users/anetreba/Desktop/uchat/server/src/json-c-build/CMakeFiles/CMakeTmp/CheckSymbolExists.c:
/* */
#include <strings.h>

int main(int argc, char** argv)
{
  (void)argv;
#ifndef strncasecmp
  return ((int*)(&strncasecmp))[argc];
#else
  (void)argc;
  return 0;
#endif
}
Determining if the strdup exist passed with the following output:
Change Dir: /Users/anetreba/Desktop/uchat/server/src/json-c-build/CMakeFiles/CMakeTmp

Run Build Command(s):/usr/bin/make cmTC_02556/fast && /Library/Developer/CommandLineTools/usr/bin/make  -f CMakeFiles/cmTC_02556.dir/build.make CMakeFiles/cmTC_02556.dir/build
Building C object CMakeFiles/cmTC_02556.dir/CheckSymbolExists.c.o
/Library/Developer/CommandLineTools/usr/bin/cc -D_GNU_SOURCE  -isysroot /Library/Developer/CommandLineTools/SDKs/MacOSX10.14.sdk -fPIE   -o CMakeFiles/cmTC_02556.dir/CheckSymbolExists.c.o   -c /Users/anetreba/Desktop/uchat/server/src/json-c-build/CMakeFiles/CMakeTmp/CheckSymbolExists.c
Linking C executable cmTC_02556
/Users/anetreba/.brew/Cellar/cmake/3.17.3/bin/cmake -E cmake_link_script CMakeFiles/cmTC_02556.dir/link.txt --verbose=1
/Library/Developer/CommandLineTools/usr/bin/cc   -isysroot /Library/Developer/CommandLineTools/SDKs/MacOSX10.14.sdk -Wl,-search_paths_first -Wl,-headerpad_max_install_names   CMakeFiles/cmTC_02556.dir/CheckSymbolExists.c.o  -o cmTC_02556  -lm 


File /Users/anetreba/Desktop/uchat/server/src/json-c-build/CMakeFiles/CMakeTmp/CheckSymbolExists.c:
/* */
#include <string.h>

int main(int argc, char** argv)
{
  (void)argv;
#ifndef strdup
  return ((int*)(&strdup))[argc];
#else
  (void)argc;
  return 0;
#endif
}
Determining if the strerror exist passed with the following output:
Change Dir: /Users/anetreba/Desktop/uchat/server/src/json-c-build/CMakeFiles/CMakeTmp

Run Build Command(s):/usr/bin/make cmTC_87bee/fast && /Library/Developer/CommandLineTools/usr/bin/make  -f CMakeFiles/cmTC_87bee.dir/build.make CMakeFiles/cmTC_87bee.dir/build
Building C object CMakeFiles/cmTC_87bee.dir/CheckSymbolExists.c.o
/Library/Developer/CommandLineTools/usr/bin/cc -D_GNU_SOURCE  -isysroot /Library/Developer/CommandLineTools/SDKs/MacOSX10.14.sdk -fPIE   -o CMakeFiles/cmTC_87bee.dir/CheckSymbolExists.c.o   -c /Users/anetreba/Desktop/uchat/server/src/json-c-build/CMakeFiles/CMakeTmp/CheckSymbolExists.c
Linking C executable cmTC_87bee
/Users/anetreba/.brew/Cellar/cmake/3.17.3/bin/cmake -E cmake_link_script CMakeFiles/cmTC_87bee.dir/link.txt --verbose=1
/Library/Developer/CommandLineTools/usr/bin/cc   -isysroot /Library/Developer/CommandLineTools/SDKs/MacOSX10.14.sdk -Wl,-search_paths_first -Wl,-headerpad_max_install_names   CMakeFiles/cmTC_87bee.dir/CheckSymbolExists.c.o  -o cmTC_87bee  -lm 


File /Users/anetreba/Desktop/uchat/server/src/json-c-build/CMakeFiles/CMakeTmp/CheckSymbolExists.c:
/* */
#include <string.h>

int main(int argc, char** argv)
{
  (void)argv;
#ifndef strerror
  return ((int*)(&strerror))[argc];
#else
  (void)argc;
  return 0;
#endif
}
Determining if the vsyslog exist passed with the following output:
Change Dir: /Users/anetreba/Desktop/uchat/server/src/json-c-build/CMakeFiles/CMakeTmp

Run Build Command(s):/usr/bin/make cmTC_9321b/fast && /Library/Developer/CommandLineTools/usr/bin/make  -f CMakeFiles/cmTC_9321b.dir/build.make CMakeFiles/cmTC_9321b.dir/build
Building C object CMakeFiles/cmTC_9321b.dir/CheckSymbolExists.c.o
/Library/Developer/CommandLineTools/usr/bin/cc -D_GNU_SOURCE  -isysroot /Library/Developer/CommandLineTools/SDKs/MacOSX10.14.sdk -fPIE   -o CMakeFiles/cmTC_9321b.dir/CheckSymbolExists.c.o   -c /Users/anetreba/Desktop/uchat/server/src/json-c-build/CMakeFiles/CMakeTmp/CheckSymbolExists.c
Linking C executable cmTC_9321b
/Users/anetreba/.brew/Cellar/cmake/3.17.3/bin/cmake -E cmake_link_script CMakeFiles/cmTC_9321b.dir/link.txt --verbose=1
/Library/Developer/CommandLineTools/usr/bin/cc   -isysroot /Library/Developer/CommandLineTools/SDKs/MacOSX10.14.sdk -Wl,-search_paths_first -Wl,-headerpad_max_install_names   CMakeFiles/cmTC_9321b.dir/CheckSymbolExists.c.o  -o cmTC_9321b  -lm 


File /Users/anetreba/Desktop/uchat/server/src/json-c-build/CMakeFiles/CMakeTmp/CheckSymbolExists.c:
/* */
#include <syslog.h>

int main(int argc, char** argv)
{
  (void)argv;
#ifndef vsyslog
  return ((int*)(&vsyslog))[argc];
#else
  (void)argc;
  return 0;
#endif
}
Determining if the strtoll exist passed with the following output:
Change Dir: /Users/anetreba/Desktop/uchat/server/src/json-c-build/CMakeFiles/CMakeTmp

Run Build Command(s):/usr/bin/make cmTC_1ba20/fast && /Library/Developer/CommandLineTools/usr/bin/make  -f CMakeFiles/cmTC_1ba20.dir/build.make CMakeFiles/cmTC_1ba20.dir/build
Building C object CMakeFiles/cmTC_1ba20.dir/CheckSymbolExists.c.o
/Library/Developer/CommandLineTools/usr/bin/cc -D_GNU_SOURCE  -isysroot /Library/Developer/CommandLineTools/SDKs/MacOSX10.14.sdk -fPIE   -o CMakeFiles/cmTC_1ba20.dir/CheckSymbolExists.c.o   -c /Users/anetreba/Desktop/uchat/server/src/json-c-build/CMakeFiles/CMakeTmp/CheckSymbolExists.c
Linking C executable cmTC_1ba20
/Users/anetreba/.brew/Cellar/cmake/3.17.3/bin/cmake -E cmake_link_script CMakeFiles/cmTC_1ba20.dir/link.txt --verbose=1
/Library/Developer/CommandLineTools/usr/bin/cc   -isysroot /Library/Developer/CommandLineTools/SDKs/MacOSX10.14.sdk -Wl,-search_paths_first -Wl,-headerpad_max_install_names   CMakeFiles/cmTC_1ba20.dir/CheckSymbolExists.c.o  -o cmTC_1ba20  -lm 


File /Users/anetreba/Desktop/uchat/server/src/json-c-build/CMakeFiles/CMakeTmp/CheckSymbolExists.c:
/* */
#include <stdlib.h>

int main(int argc, char** argv)
{
  (void)argv;
#ifndef strtoll
  return ((int*)(&strtoll))[argc];
#else
  (void)argc;
  return 0;
#endif
}
Determining if the strtoull exist passed with the following output:
Change Dir: /Users/anetreba/Desktop/uchat/server/src/json-c-build/CMakeFiles/CMakeTmp

Run Build Command(s):/usr/bin/make cmTC_9194f/fast && /Library/Developer/CommandLineTools/usr/bin/make  -f CMakeFiles/cmTC_9194f.dir/build.make CMakeFiles/cmTC_9194f.dir/build
Building C object CMakeFiles/cmTC_9194f.dir/CheckSymbolExists.c.o
/Library/Developer/CommandLineTools/usr/bin/cc -D_GNU_SOURCE  -isysroot /Library/Developer/CommandLineTools/SDKs/MacOSX10.14.sdk -fPIE   -o CMakeFiles/cmTC_9194f.dir/CheckSymbolExists.c.o   -c /Users/anetreba/Desktop/uchat/server/src/json-c-build/CMakeFiles/CMakeTmp/CheckSymbolExists.c
Linking C executable cmTC_9194f
/Users/anetreba/.brew/Cellar/cmake/3.17.3/bin/cmake -E cmake_link_script CMakeFiles/cmTC_9194f.dir/link.txt --verbose=1
/Library/Developer/CommandLineTools/usr/bin/cc   -isysroot /Library/Developer/CommandLineTools/SDKs/MacOSX10.14.sdk -Wl,-search_paths_first -Wl,-headerpad_max_install_names   CMakeFiles/cmTC_9194f.dir/CheckSymbolExists.c.o  -o cmTC_9194f  -lm 


File /Users/anetreba/Desktop/uchat/server/src/json-c-build/CMakeFiles/CMakeTmp/CheckSymbolExists.c:
/* */
#include <stdlib.h>

int main(int argc, char** argv)
{
  (void)argv;
#ifndef strtoull
  return ((int*)(&strtoull))[argc];
#else
  (void)argc;
  return 0;
#endif
}
Determining if the include file stddef.h exists passed with the following output:
Change Dir: /Users/anetreba/Desktop/uchat/server/src/json-c-build/CMakeFiles/CMakeTmp

Run Build Command(s):/usr/bin/make cmTC_ccb8f/fast && /Library/Developer/CommandLineTools/usr/bin/make  -f CMakeFiles/cmTC_ccb8f.dir/build.make CMakeFiles/cmTC_ccb8f.dir/build
Building C object CMakeFiles/cmTC_ccb8f.dir/CheckIncludeFile.c.o
/Library/Developer/CommandLineTools/usr/bin/cc -D_GNU_SOURCE  -isysroot /Library/Developer/CommandLineTools/SDKs/MacOSX10.14.sdk -fPIE   -o CMakeFiles/cmTC_ccb8f.dir/CheckIncludeFile.c.o   -c /Users/anetreba/Desktop/uchat/server/src/json-c-build/CMakeFiles/CMakeTmp/CheckIncludeFile.c
Linking C executable cmTC_ccb8f
/Users/anetreba/.brew/Cellar/cmake/3.17.3/bin/cmake -E cmake_link_script CMakeFiles/cmTC_ccb8f.dir/link.txt --verbose=1
/Library/Developer/CommandLineTools/usr/bin/cc   -isysroot /Library/Developer/CommandLineTools/SDKs/MacOSX10.14.sdk -Wl,-search_paths_first -Wl,-headerpad_max_install_names   CMakeFiles/cmTC_ccb8f.dir/CheckIncludeFile.c.o  -o cmTC_ccb8f  -lm 



Determining size of int passed with the following output:
Change Dir: /Users/anetreba/Desktop/uchat/server/src/json-c-build/CMakeFiles/CMakeTmp

Run Build Command(s):/usr/bin/make cmTC_63576/fast && /Library/Developer/CommandLineTools/usr/bin/make  -f CMakeFiles/cmTC_63576.dir/build.make CMakeFiles/cmTC_63576.dir/build
Building C object CMakeFiles/cmTC_63576.dir/SIZEOF_INT.c.o
/Library/Developer/CommandLineTools/usr/bin/cc -D_GNU_SOURCE  -isysroot /Library/Developer/CommandLineTools/SDKs/MacOSX10.14.sdk -fPIE   -o CMakeFiles/cmTC_63576.dir/SIZEOF_INT.c.o   -c /Users/anetreba/Desktop/uchat/server/src/json-c-build/CMakeFiles/CheckTypeSize/SIZEOF_INT.c
Linking C executable cmTC_63576
/Users/anetreba/.brew/Cellar/cmake/3.17.3/bin/cmake -E cmake_link_script CMakeFiles/cmTC_63576.dir/link.txt --verbose=1
/Library/Developer/CommandLineTools/usr/bin/cc   -isysroot /Library/Developer/CommandLineTools/SDKs/MacOSX10.14.sdk -Wl,-search_paths_first -Wl,-headerpad_max_install_names   CMakeFiles/cmTC_63576.dir/SIZEOF_INT.c.o  -o cmTC_63576  -lm 



Determining size of int64_t passed with the following output:
Change Dir: /Users/anetreba/Desktop/uchat/server/src/json-c-build/CMakeFiles/CMakeTmp

Run Build Command(s):/usr/bin/make cmTC_22da9/fast && /Library/Developer/CommandLineTools/usr/bin/make  -f CMakeFiles/cmTC_22da9.dir/build.make CMakeFiles/cmTC_22da9.dir/build
Building C object CMakeFiles/cmTC_22da9.dir/SIZEOF_INT64_T.c.o
/Library/Developer/CommandLineTools/usr/bin/cc -D_GNU_SOURCE  -isysroot /Library/Developer/CommandLineTools/SDKs/MacOSX10.14.sdk -fPIE   -o CMakeFiles/cmTC_22da9.dir/SIZEOF_INT64_T.c.o   -c /Users/anetreba/Desktop/uchat/server/src/json-c-build/CMakeFiles/CheckTypeSize/SIZEOF_INT64_T.c
Linking C executable cmTC_22da9
/Users/anetreba/.brew/Cellar/cmake/3.17.3/bin/cmake -E cmake_link_script CMakeFiles/cmTC_22da9.dir/link.txt --verbose=1
/Library/Developer/CommandLineTools/usr/bin/cc   -isysroot /Library/Developer/CommandLineTools/SDKs/MacOSX10.14.sdk -Wl,-search_paths_first -Wl,-headerpad_max_install_names   CMakeFiles/cmTC_22da9.dir/SIZEOF_INT64_T.c.o  -o cmTC_22da9  -lm 



Determining size of long passed with the following output:
Change Dir: /Users/anetreba/Desktop/uchat/server/src/json-c-build/CMakeFiles/CMakeTmp

Run Build Command(s):/usr/bin/make cmTC_517fd/fast && /Library/Developer/CommandLineTools/usr/bin/make  -f CMakeFiles/cmTC_517fd.dir/build.make CMakeFiles/cmTC_517fd.dir/build
Building C object CMakeFiles/cmTC_517fd.dir/SIZEOF_LONG.c.o
/Library/Developer/CommandLineTools/usr/bin/cc -D_GNU_SOURCE  -isysroot /Library/Developer/CommandLineTools/SDKs/MacOSX10.14.sdk -fPIE   -o CMakeFiles/cmTC_517fd.dir/SIZEOF_LONG.c.o   -c /Users/anetreba/Desktop/uchat/server/src/json-c-build/CMakeFiles/CheckTypeSize/SIZEOF_LONG.c
Linking C executable cmTC_517fd
/Users/anetreba/.brew/Cellar/cmake/3.17.3/bin/cmake -E cmake_link_script CMakeFiles/cmTC_517fd.dir/link.txt --verbose=1
/Library/Developer/CommandLineTools/usr/bin/cc   -isysroot /Library/Developer/CommandLineTools/SDKs/MacOSX10.14.sdk -Wl,-search_paths_first -Wl,-headerpad_max_install_names   CMakeFiles/cmTC_517fd.dir/SIZEOF_LONG.c.o  -o cmTC_517fd  -lm 



Determining size of long long passed with the following output:
Change Dir: /Users/anetreba/Desktop/uchat/server/src/json-c-build/CMakeFiles/CMakeTmp

Run Build Command(s):/usr/bin/make cmTC_62ea9/fast && /Library/Developer/CommandLineTools/usr/bin/make  -f CMakeFiles/cmTC_62ea9.dir/build.make CMakeFiles/cmTC_62ea9.dir/build
Building C object CMakeFiles/cmTC_62ea9.dir/SIZEOF_LONG_LONG.c.o
/Library/Developer/CommandLineTools/usr/bin/cc -D_GNU_SOURCE  -isysroot /Library/Developer/CommandLineTools/SDKs/MacOSX10.14.sdk -fPIE   -o CMakeFiles/cmTC_62ea9.dir/SIZEOF_LONG_LONG.c.o   -c /Users/anetreba/Desktop/uchat/server/src/json-c-build/CMakeFiles/CheckTypeSize/SIZEOF_LONG_LONG.c
Linking C executable cmTC_62ea9
/Users/anetreba/.brew/Cellar/cmake/3.17.3/bin/cmake -E cmake_link_script CMakeFiles/cmTC_62ea9.dir/link.txt --verbose=1
/Library/Developer/CommandLineTools/usr/bin/cc   -isysroot /Library/Developer/CommandLineTools/SDKs/MacOSX10.14.sdk -Wl,-search_paths_first -Wl,-headerpad_max_install_names   CMakeFiles/cmTC_62ea9.dir/SIZEOF_LONG_LONG.c.o  -o cmTC_62ea9  -lm 



Determining size of size_t passed with the following output:
Change Dir: /Users/anetreba/Desktop/uchat/server/src/json-c-build/CMakeFiles/CMakeTmp

Run Build Command(s):/usr/bin/make cmTC_4f46b/fast && /Library/Developer/CommandLineTools/usr/bin/make  -f CMakeFiles/cmTC_4f46b.dir/build.make CMakeFiles/cmTC_4f46b.dir/build
Building C object CMakeFiles/cmTC_4f46b.dir/SIZEOF_SIZE_T.c.o
/Library/Developer/CommandLineTools/usr/bin/cc -D_GNU_SOURCE  -isysroot /Library/Developer/CommandLineTools/SDKs/MacOSX10.14.sdk -fPIE   -o CMakeFiles/cmTC_4f46b.dir/SIZEOF_SIZE_T.c.o   -c /Users/anetreba/Desktop/uchat/server/src/json-c-build/CMakeFiles/CheckTypeSize/SIZEOF_SIZE_T.c
Linking C executable cmTC_4f46b
/Users/anetreba/.brew/Cellar/cmake/3.17.3/bin/cmake -E cmake_link_script CMakeFiles/cmTC_4f46b.dir/link.txt --verbose=1
/Library/Developer/CommandLineTools/usr/bin/cc   -isysroot /Library/Developer/CommandLineTools/SDKs/MacOSX10.14.sdk -Wl,-search_paths_first -Wl,-headerpad_max_install_names   CMakeFiles/cmTC_4f46b.dir/SIZEOF_SIZE_T.c.o  -o cmTC_4f46b  -lm 



Performing C SOURCE FILE Test HAVE_ATOMIC_BUILTINS succeeded with the following output:
Change Dir: /Users/anetreba/Desktop/uchat/server/src/json-c-build/CMakeFiles/CMakeTmp

Run Build Command(s):/usr/bin/make cmTC_105c5/fast && /Library/Developer/CommandLineTools/usr/bin/make  -f CMakeFiles/cmTC_105c5.dir/build.make CMakeFiles/cmTC_105c5.dir/build
Building C object CMakeFiles/cmTC_105c5.dir/src.c.o
/Library/Developer/CommandLineTools/usr/bin/cc -D_GNU_SOURCE  -DHAVE_ATOMIC_BUILTINS -isysroot /Library/Developer/CommandLineTools/SDKs/MacOSX10.14.sdk -fPIE   -o CMakeFiles/cmTC_105c5.dir/src.c.o   -c /Users/anetreba/Desktop/uchat/server/src/json-c-build/CMakeFiles/CMakeTmp/src.c
Linking C executable cmTC_105c5
/Users/anetreba/.brew/Cellar/cmake/3.17.3/bin/cmake -E cmake_link_script CMakeFiles/cmTC_105c5.dir/link.txt --verbose=1
/Library/Developer/CommandLineTools/usr/bin/cc  -DHAVE_ATOMIC_BUILTINS -isysroot /Library/Developer/CommandLineTools/SDKs/MacOSX10.14.sdk -Wl,-search_paths_first -Wl,-headerpad_max_install_names   CMakeFiles/cmTC_105c5.dir/src.c.o  -o cmTC_105c5  -lm 


Source file was:
int main() { int i, x = 0; i = __sync_add_and_fetch(&x,1); return x; }
Performing C SOURCE FILE Test HAVE___THREAD succeeded with the following output:
Change Dir: /Users/anetreba/Desktop/uchat/server/src/json-c-build/CMakeFiles/CMakeTmp

Run Build Command(s):/usr/bin/make cmTC_04633/fast && /Library/Developer/CommandLineTools/usr/bin/make  -f CMakeFiles/cmTC_04633.dir/build.make CMakeFiles/cmTC_04633.dir/build
Building C object CMakeFiles/cmTC_04633.dir/src.c.o
/Library/Developer/CommandLineTools/usr/bin/cc -D_GNU_SOURCE  -DHAVE___THREAD -isysroot /Library/Developer/CommandLineTools/SDKs/MacOSX10.14.sdk -fPIE   -o CMakeFiles/cmTC_04633.dir/src.c.o   -c /Users/anetreba/Desktop/uchat/server/src/json-c-build/CMakeFiles/CMakeTmp/src.c
Linking C executable cmTC_04633
/Users/anetreba/.brew/Cellar/cmake/3.17.3/bin/cmake -E cmake_link_script CMakeFiles/cmTC_04633.dir/link.txt --verbose=1
/Library/Developer/CommandLineTools/usr/bin/cc  -DHAVE___THREAD -isysroot /Library/Developer/CommandLineTools/SDKs/MacOSX10.14.sdk -Wl,-search_paths_first -Wl,-headerpad_max_install_names   CMakeFiles/cmTC_04633.dir/src.c.o  -o cmTC_04633  -lm 


Source file was:
__thread int x = 0; int main() { return 0; }
Performing C SOURCE FILE Test REENTRANT_WORKS succeeded with the following output:
Change Dir: /Users/anetreba/Desktop/uchat/server/src/json-c-build/CMakeFiles/CMakeTmp

Run Build Command(s):/usr/bin/make cmTC_93996/fast && /Library/Developer/CommandLineTools/usr/bin/make  -f CMakeFiles/cmTC_93996.dir/build.make CMakeFiles/cmTC_93996.dir/build
Building C object CMakeFiles/cmTC_93996.dir/src.c.o
/Library/Developer/CommandLineTools/usr/bin/cc -D_GNU_SOURCE  -DREENTRANT_WORKS -isysroot /Library/Developer/CommandLineTools/SDKs/MacOSX10.14.sdk -fPIE   -o CMakeFiles/cmTC_93996.dir/src.c.o   -c /Users/anetreba/Desktop/uchat/server/src/json-c-build/CMakeFiles/CMakeTmp/src.c
Linking C executable cmTC_93996
/Users/anetreba/.brew/Cellar/cmake/3.17.3/bin/cmake -E cmake_link_script CMakeFiles/cmTC_93996.dir/link.txt --verbose=1
/Library/Developer/CommandLineTools/usr/bin/cc  -DREENTRANT_WORKS -isysroot /Library/Developer/CommandLineTools/SDKs/MacOSX10.14.sdk -Wl,-search_paths_first -Wl,-headerpad_max_install_names   CMakeFiles/cmTC_93996.dir/src.c.o  -o cmTC_93996  -lm 


Source file was:

	/* uClibc toolchains without threading barf when _REENTRANT is defined */
	#define _REENTRANT 1
	#include <sys/types.h>
	int main (void)
	{
	  return 0;
	}
	
